{
  "stats": {
    "suites": 1,
    "tests": 1,
    "passes": 1,
    "pending": 0,
    "failures": 0,
    "start": "2021-09-06T07:29:40.690Z",
    "end": "2021-09-06T07:29:46.002Z",
    "duration": 5312,
    "testsRegistered": 1,
    "passPercent": 100,
    "pendingPercent": 0,
    "other": 0,
    "hasOther": false,
    "skipped": 0,
    "hasSkipped": false
  },
  "results": [
    {
      "uuid": "eea842f5-2d75-4570-a952-9c08b4cdde0c",
      "title": "",
      "fullFile": "cypress/integration/sample_spec.js",
      "file": "cypress/integration/sample_spec.js",
      "beforeHooks": [],
      "afterHooks": [],
      "tests": [],
      "suites": [
        {
          "uuid": "9053aed7-ccb1-4889-8e36-10d7a7a2a250",
          "title": "My First Test",
          "fullFile": "",
          "file": "",
          "beforeHooks": [],
          "afterHooks": [],
          "tests": [
            {
              "title": "clicks the link \"type\"",
              "fullTitle": "My First Test clicks the link \"type\"",
              "timedOut": null,
              "duration": 3160,
              "state": "passed",
              "speed": "slow",
              "pass": true,
              "fail": false,
              "pending": false,
              "context": null,
              "code": "cy.visit('https://example.cypress.io');\ncy.contains('type').click(); // Should be on a new URL which includes '/commands/actions'\ncy.url().should('include', '/commands/actions'); // Get an input, type into it and verify that the value has been updated\ncy.get('.action-email').type('fake@email.com').should('have.value', 'fake@email.com');",
              "err": {},
              "uuid": "e7f22bf6-4cba-4cb0-9bbf-f6b886a7ad7d",
              "parentUUID": "9053aed7-ccb1-4889-8e36-10d7a7a2a250",
              "isHook": false,
              "skipped": false
            }
          ],
          "suites": [],
          "passes": [
            "e7f22bf6-4cba-4cb0-9bbf-f6b886a7ad7d"
          ],
          "failures": [],
          "pending": [],
          "skipped": [],
          "duration": 3160,
          "root": false,
          "rootEmpty": false,
          "_timeout": 2000
        }
      ],
      "passes": [],
      "failures": [],
      "pending": [],
      "skipped": [],
      "duration": 0,
      "root": true,
      "rootEmpty": true,
      "_timeout": 2000
    }
  ],
  "meta": {
    "mocha": {
      "version": "7.0.1"
    },
    "mochawesome": {
      "options": {
        "quiet": false,
        "reportFilename": "mochawesome",
        "saveHtml": true,
        "saveJson": true,
        "consoleReporter": "spec",
        "useInlineDiffs": false,
        "code": true
      },
      "version": "6.2.2"
    },
    "marge": {
      "options": null,
      "version": "5.2.0"
    }
  }
}